<?xml version="1.0" encoding="UTF-8"?>
<!-- Generated by org.testng.reporters.JUnitReportReporter -->
<testsuite hostname="LAPTOP-0M17UIVA" failures="0" tests="3" name="testng.parameterization.DataProviderWithExcel" time="22.651" errors="0" timestamp="2024-05-09T08:19:14 IST" skipped="0">
  <testcase classname="testng.parameterization.DataProviderWithExcel" name="verifyNeedOfParameter" time="5.625"/>
  <testcase classname="testng.parameterization.DataProviderWithExcel" name="verifyNeedOfParameter" time="11.528"/>
  <testcase classname="testng.parameterization.DataProviderWithExcel" name="verifyNeedOfParameter" time="5.498"/>
</testsuite> <!-- testng.parameterization.DataProviderWithExcel -->
