<?xml version="1.0" encoding="UTF-8"?>
<!-- Generated by org.testng.reporters.JUnitReportReporter -->
<testsuite hostname="LAPTOP-0M17UIVA" failures="0" tests="2" name="mavendemo.TestNGExample" time="15.984" errors="0" timestamp="2024-05-02T08:55:05 IST" skipped="0">
  <testcase classname="mavendemo.TestNGExample" name="basicOfTestNG2" time="7.570"/>
  <testcase classname="mavendemo.TestNGExample" name="basicOfTestNG1" time="8.414"/>
</testsuite> <!-- mavendemo.TestNGExample -->
